<?xml version="1.0" encoding="UTF-8"?>
<testng-results skipped="0" failed="0" ignored="0" total="1" passed="1">
  <reporter-output>
  </reporter-output>
  <suite name="Default suite" duration-ms="436" started-at="2021-06-03T09:15:29 IST" finished-at="2021-06-03T09:15:29 IST">
    <groups>
    </groups>
    <test name="Default test" duration-ms="436" started-at="2021-06-03T09:15:29 IST" finished-at="2021-06-03T09:15:29 IST">
      <class name="first.demo">
        <test-method status="PASS" signature="as()[pri:0, instance:first.demo@4671e53b]" name="as" duration-ms="391" started-at="2021-06-03T09:15:29 IST" finished-at="2021-06-03T09:15:29 IST">
          <reporter-output>
          </reporter-output>
        </test-method> <!-- as -->
      </class> <!-- first.demo -->
    </test> <!-- Default test -->
  </suite> <!-- Default suite -->
</testng-results>
